H:\DEMO\DEMO\PROJ.WIN32\RELEASE.WIN32\APPDELEGATE.OBJ
H:\DEMO\DEMO\PROJ.WIN32\RELEASE.WIN32\BLOCK.OBJ
H:\DEMO\DEMO\PROJ.WIN32\RELEASE.WIN32\CCGAMESCROLLVIEW.OBJ
H:\DEMO\DEMO\PROJ.WIN32\RELEASE.WIN32\CHOOSELV.OBJ
H:\DEMO\DEMO\proj.win32\Release.win32\cl.command.1.tlog
H:\DEMO\DEMO\proj.win32\Release.win32\CL.read.1.tlog
H:\DEMO\DEMO\proj.win32\Release.win32\CL.write.1.tlog
H:\DEMO\DEMO\PROJ.WIN32\RELEASE.WIN32\DEMO.RES
H:\DEMO\DEMO\PROJ.WIN32\RELEASE.WIN32\DEMO.WIN32.EXE.INTERMEDIATE.MANIFEST
H:\DEMO\DEMO\proj.win32\Release.win32\DEMO.win32.vcxprojResolveAssemblyReference.cache
H:\DEMO\DEMO\proj.win32\Release.win32\DEMO.win32.write.1.tlog
H:\DEMO\DEMO\PROJ.WIN32\RELEASE.WIN32\GAMESPRITE.OBJ
H:\DEMO\DEMO\proj.win32\Release.win32\link.command.1.tlog
H:\DEMO\DEMO\proj.win32\Release.win32\link.read.1.tlog
H:\DEMO\DEMO\proj.win32\Release.win32\link.write.1.tlog
H:\DEMO\DEMO\proj.win32\Release.win32\link-cvtres.read.1.tlog
H:\DEMO\DEMO\proj.win32\Release.win32\link-cvtres.write.1.tlog
H:\DEMO\DEMO\PROJ.WIN32\RELEASE.WIN32\MAIN.OBJ
H:\DEMO\DEMO\PROJ.WIN32\RELEASE.WIN32\MAINMENUSENCE.OBJ
H:\DEMO\DEMO\proj.win32\Release.win32\mt.command.1.tlog
H:\DEMO\DEMO\proj.win32\Release.win32\mt.read.1.tlog
H:\DEMO\DEMO\proj.win32\Release.win32\mt.write.1.tlog
H:\DEMO\DEMO\PROJ.WIN32\RELEASE.WIN32\PLAYER.OBJ
H:\DEMO\DEMO\proj.win32\Release.win32\rc.command.1.tlog
H:\DEMO\DEMO\proj.win32\Release.win32\rc.read.1.tlog
H:\DEMO\DEMO\proj.win32\Release.win32\rc.write.1.tlog
H:\DEMO\DEMO\PROJ.WIN32\RELEASE.WIN32\RUNLEVEL1.OBJ
H:\DEMO\DEMO\PROJ.WIN32\RELEASE.WIN32\RUNLEVEL2.OBJ
H:\DEMO\DEMO\PROJ.WIN32\RELEASE.WIN32\RUNLEVEL3.OBJ
H:\DEMO\RELEASE.WIN32\DEMO.WIN32.EXE
