生成启动时间为 2015/7/10 11:13:16。
     1>项目“H:\DEMO\DEMO\proj.win32\DEMO.win32.vcxproj”在节点 2 上(build 个目标)。
     1>InitializeBuildStatus:
         正在创建“Release.win32\DEMO.win32.unsuccessfulbuild”，因为已指定“AlwaysCreate”。
       ClCompile:
         g:\vs2010sn\VC\bin\CL.exe /c /I. /I..\Classes /IH:\DEMO\cocos2dx /IH:\DEMO\cocos2dx\include /IH:\DEMO\cocos2dx\kazmath\include /IH:\DEMO\cocos2dx\platform\win32 /IH:\DEMO\cocos2dx\platform\third_party\win32 /IH:\DEMO\cocos2dx\platform\third_party\win32\OGLES /IH:\DEMO\external /IH:\DEMO\CocosDenshion\include /IH:\DEMO\extensions /nologo /W3 /WX- /O2 /Oy- /D WIN32 /D _WINDOWS /D STRICT /D _CRT_SECURE_NO_WARNINGS /D _SCL_SECURE_NO_WARNINGSNDEBUG /D _UNICODE /D UNICODE /Gm- /MD /GS /fp:precise /Zc:wchar_t /Zc:forScope /Fo"Release.win32\\" /Fd"Release.win32\vc100.pdb" /Gd /TP /wd4267 /wd4251 /wd4244 /analyze- /errorReport:prompt ChooseLV.cpp MainMenuSence.cpp Player.cpp RunLevel1.cpp RunLevel2.cpp RunLevel3.cpp
         ChooseLV.cpp
     1>g:\vs2010sn\VC\include\xlocale(323): warning C4530: 使用了 C++ 异常处理程序，但未启用展开语义。请指定 /EHsc
         MainMenuSence.cpp
     1>g:\vs2010sn\VC\include\xlocale(323): warning C4530: 使用了 C++ 异常处理程序，但未启用展开语义。请指定 /EHsc
         Player.cpp
     1>g:\vs2010sn\VC\include\xlocale(323): warning C4530: 使用了 C++ 异常处理程序，但未启用展开语义。请指定 /EHsc
         RunLevel1.cpp
     1>g:\vs2010sn\VC\include\xlocale(323): warning C4530: 使用了 C++ 异常处理程序，但未启用展开语义。请指定 /EHsc
         RunLevel2.cpp
     1>g:\vs2010sn\VC\include\xlocale(323): warning C4530: 使用了 C++ 异常处理程序，但未启用展开语义。请指定 /EHsc
         RunLevel3.cpp
     1>g:\vs2010sn\VC\include\xlocale(323): warning C4530: 使用了 C++ 异常处理程序，但未启用展开语义。请指定 /EHsc
         正在生成代码...
       ResourceCompile:
         所有输出均为最新。
       Link:
         g:\vs2010sn\VC\bin\link.exe /ERRORREPORT:PROMPT /OUT:"H:\DEMO\Release.win32\DEMO.win32.exe" /INCREMENTAL:NO /NOLOGO /LIBPATH:H:\DEMO\Release.win32\ libcocos2d.lib libExtensions.lib opengl32.lib glew32.lib libBox2d.lib libCocosDenshion.lib opencv_calib3d249.lib opencv_contrib249.lib opencv_core249.lib opencv_features2d249.lib opencv_flann249.lib opencv_gpu249.lib opencv_highgui249.lib opencv_imgproc249.lib opencv_legacy249.lib opencv_ml249.lib opencv_nonfree249.lib opencv_objdetect249.lib opencv_ocl249.lib opencv_photo249.lib opencv_stitching249.lib opencv_superres249.lib opencv_ts249.lib opencv_video249.lib opencv_videostab249.lib opencv_calib3d249d.lib opencv_contrib249d.lib opencv_core249d.lib opencv_features2d249d.lib opencv_flann249d.lib opencv_gpu249d.lib opencv_highgui249d.lib opencv_imgproc249d.lib opencv_legacy249d.lib opencv_ml249d.lib opencv_nonfree249d.lib opencv_objdetect249d.lib opencv_ocl249d.lib opencv_photo249d.lib opencv_stitching249d.lib opencv_superres249d.lib opencv_ts249d.lib opencv_video249d.lib opencv_videostab249d.lib kernel32.lib user32.lib gdi32.lib winspool.lib comdlg32.lib advapi32.lib shell32.lib ole32.lib oleaut32.lib uuid.lib odbc32.lib odbccp32.lib /MANIFEST /ManifestFile:"Release.win32\DEMO.win32.exe.intermediate.manifest" /MANIFESTUAC:"level='asInvoker' uiAccess='false'" /PDB:"H:\DEMO\Release.win32\DEMO.win32.pdb" /SUBSYSTEM:WINDOWS /TLBID:1 /DYNAMICBASE /NXCOMPAT /IMPLIB:"H:\DEMO\Release.win32\DEMO.win32.lib" /MACHINE:X86 Release.win32\DEMO.res
         Release.win32\AppDelegate.obj
         Release.win32\CCGameScrollView.obj
         Release.win32\Block.obj
         Release.win32\ChooseLV.obj
         Release.win32\GameSprite.obj
         Release.win32\main.obj
         Release.win32\MainMenuSence.obj
         Release.win32\Player.obj
         Release.win32\RunLevel1.obj
         Release.win32\RunLevel2.obj
         Release.win32\RunLevel3.obj
         DEMO.win32.vcxproj -> H:\DEMO\Release.win32\DEMO.win32.exe
       Manifest:
         C:\Program Files (x86)\Microsoft SDKs\Windows\v7.0A\bin\mt.exe /nologo /verbose /outputresource:"H:\DEMO\Release.win32\DEMO.win32.exe;#1" /manifest Release.win32\DEMO.win32.exe.intermediate.manifest
       FinalizeBuildStatus:
         正在删除文件“Release.win32\DEMO.win32.unsuccessfulbuild”。
         正在对“Release.win32\DEMO.win32.lastbuildstate”执行 Touch 任务。
     1>已完成生成项目“H:\DEMO\DEMO\proj.win32\DEMO.win32.vcxproj”(build 个目标)的操作。

生成成功。

已用时间 00:00:17.91
