生成启动时间为 2015/7/9 16:14:13。
     1>项目“H:\DEMO\DEMO\proj.win32\DEMO.win32.vcxproj”在节点 2 上(rebuild 个目标)。
     1>_PrepareForClean:
         正在删除文件“Debug.win32\DEMO.win32.lastbuildstate”。
       InitializeBuildStatus:
         正在对“Debug.win32\DEMO.win32.unsuccessfulbuild”执行 Touch 任务。
       ClCompile:
         g:\vs2010sn\VC\bin\CL.exe /c /I. /I..\Classes /IH:\DEMO\cocos2dx /IH:\DEMO\cocos2dx\include /IH:\DEMO\cocos2dx\kazmath\include /IH:\DEMO\cocos2dx\platform\win32 /IH:\DEMO\cocos2dx\platform\third_party\win32 /IH:\DEMO\cocos2dx\platform\third_party\win32\OGLES /IH:\DEMO\external /IH:\DEMO\extensions /IH:\DEMO\CocosDenshion\include /ZI /nologo /W3 /WX- /Od /Oy- /D WIN32 /D _WINDOWS /D STRICT /D _CRT_SECURE_NO_WARNINGS /D _SCL_SECURE_NO_WARNINGS_DEBUG /D COCOS2D_DEBUG=1 /D _UNICODE /D UNICODE /Gm /EHsc /RTC1 /MDd /GS /fp:precise /Zc:wchar_t /Zc:forScope /Fo"Debug.win32\\" /Fd"Debug.win32\vc100.pdb" /Gd /TP /wd4267 /wd4251 /wd4244 /analyze- /errorReport:prompt ..\Classes\AppDelegate.cpp ..\Classes\CCGameScrollView.cpp Block.cpp ChooseLV.cpp GameSprite.cpp main.cpp MainMenuSence.cpp Player.cpp RunLevel1.cpp RunLevel2.cpp RunLevel3.cpp
         RunLevel3.cpp
         RunLevel2.cpp
         RunLevel1.cpp
         Player.cpp
         MainMenuSence.cpp
         main.cpp
         GameSprite.cpp
         ChooseLV.cpp
         Block.cpp
         CCGameScrollView.cpp
         AppDelegate.cpp
         正在生成代码...
       ResourceCompile:
         C:\Program Files (x86)\Microsoft SDKs\Windows\v7.0A\bin\rc.exe /D _DEBUG /D _UNICODE /D UNICODE /l"0x0409" /IDebug.win32\ /nologo /fo"Debug.win32\DEMO.res" DEMO.rc 
       ManifestResourceCompile:
         C:\Program Files (x86)\Microsoft SDKs\Windows\v7.0A\bin\rc.exe /nologo /fo"Debug.win32\DEMO.win32.exe.embed.manifest.res" Debug.win32\DEMO.win32_manifest.rc 
       Link:
         g:\vs2010sn\VC\bin\link.exe /ERRORREPORT:PROMPT /OUT:"H:\DEMO\Debug.win32\DEMO.win32.exe" /INCREMENTAL /NOLOGO /LIBPATH:H:\DEMO\Debug.win32\ libcocos2d.lib libExtensions.lib opengl32.lib glew32.lib libBox2d.lib libCocosDenshion.lib opencv_calib3d249.lib opencv_contrib249.lib opencv_core249.lib opencv_features2d249.lib opencv_flann249.lib opencv_gpu249.lib opencv_highgui249.lib opencv_imgproc249.lib opencv_legacy249.lib opencv_ml249.lib opencv_nonfree249.lib opencv_objdetect249.lib opencv_ocl249.lib opencv_photo249.lib opencv_stitching249.lib opencv_superres249.lib opencv_ts249.lib opencv_video249.lib opencv_videostab249.lib opencv_calib3d249d.lib opencv_contrib249d.lib opencv_core249d.lib opencv_features2d249d.lib opencv_flann249d.lib opencv_gpu249d.lib opencv_highgui249d.lib opencv_imgproc249d.lib opencv_legacy249d.lib opencv_ml249d.lib opencv_nonfree249d.lib opencv_objdetect249d.lib opencv_ocl249d.lib opencv_photo249d.lib opencv_stitching249d.lib opencv_superres249d.lib opencv_ts249d.lib opencv_video249d.lib opencv_videostab249d.lib kernel32.lib user32.lib gdi32.lib winspool.lib comdlg32.lib advapi32.lib shell32.lib ole32.lib oleaut32.lib uuid.lib odbc32.lib odbccp32.lib /MANIFEST /ManifestFile:"Debug.win32\DEMO.win32.exe.intermediate.manifest" /MANIFESTUAC:"level='asInvoker' uiAccess='false'" /DEBUG /PDB:"H:\DEMO\Debug.win32\DEMO.win32.pdb" /SUBSYSTEM:WINDOWS /TLBID:1 /DYNAMICBASE /NXCOMPAT /IMPLIB:"H:\DEMO\Debug.win32\DEMO.win32.lib" /MACHINE:X86 Debug.win32\DEMO.res
         Debug.win32\DEMO.win32.exe.embed.manifest.res
         Debug.win32\AppDelegate.obj
         Debug.win32\CCGameScrollView.obj
         Debug.win32\Block.obj
         Debug.win32\ChooseLV.obj
         Debug.win32\GameSprite.obj
         Debug.win32\main.obj
         Debug.win32\MainMenuSence.obj
         Debug.win32\Player.obj
         Debug.win32\RunLevel1.obj
         Debug.win32\RunLevel2.obj
         Debug.win32\RunLevel3.obj
       Manifest:
         正在删除文件“Debug.win32\DEMO.win32.exe.embed.manifest”。
         C:\Program Files (x86)\Microsoft SDKs\Windows\v7.0A\bin\mt.exe /nologo /verbose /out:"Debug.win32\DEMO.win32.exe.embed.manifest" /manifest Debug.win32\DEMO.win32.exe.intermediate.manifest
         C:\Program Files (x86)\Microsoft SDKs\Windows\v7.0A\bin\rc.exe /nologo /fo"Debug.win32\DEMO.win32.exe.embed.manifest.res" Debug.win32\DEMO.win32_manifest.rc 
       LinkEmbedManifest:
         g:\vs2010sn\VC\bin\link.exe /ERRORREPORT:PROMPT /OUT:"H:\DEMO\Debug.win32\DEMO.win32.exe" /INCREMENTAL /NOLOGO /LIBPATH:H:\DEMO\Debug.win32\ libcocos2d.lib libExtensions.lib opengl32.lib glew32.lib libBox2d.lib libCocosDenshion.lib opencv_calib3d249.lib opencv_contrib249.lib opencv_core249.lib opencv_features2d249.lib opencv_flann249.lib opencv_gpu249.lib opencv_highgui249.lib opencv_imgproc249.lib opencv_legacy249.lib opencv_ml249.lib opencv_nonfree249.lib opencv_objdetect249.lib opencv_ocl249.lib opencv_photo249.lib opencv_stitching249.lib opencv_superres249.lib opencv_ts249.lib opencv_video249.lib opencv_videostab249.lib opencv_calib3d249d.lib opencv_contrib249d.lib opencv_core249d.lib opencv_features2d249d.lib opencv_flann249d.lib opencv_gpu249d.lib opencv_highgui249d.lib opencv_imgproc249d.lib opencv_legacy249d.lib opencv_ml249d.lib opencv_nonfree249d.lib opencv_objdetect249d.lib opencv_ocl249d.lib opencv_photo249d.lib opencv_stitching249d.lib opencv_superres249d.lib opencv_ts249d.lib opencv_video249d.lib opencv_videostab249d.lib kernel32.lib user32.lib gdi32.lib winspool.lib comdlg32.lib advapi32.lib shell32.lib ole32.lib oleaut32.lib uuid.lib odbc32.lib odbccp32.lib /MANIFEST /ManifestFile:"Debug.win32\DEMO.win32.exe.intermediate.manifest" /MANIFESTUAC:"level='asInvoker' uiAccess='false'" /DEBUG /PDB:"H:\DEMO\Debug.win32\DEMO.win32.pdb" /SUBSYSTEM:WINDOWS /TLBID:1 /DYNAMICBASE /NXCOMPAT /IMPLIB:"H:\DEMO\Debug.win32\DEMO.win32.lib" /MACHINE:X86 Debug.win32\DEMO.res
         Debug.win32\DEMO.win32.exe.embed.manifest.res
         Debug.win32\AppDelegate.obj
         Debug.win32\CCGameScrollView.obj
         Debug.win32\Block.obj
         Debug.win32\ChooseLV.obj
         Debug.win32\GameSprite.obj
         Debug.win32\main.obj
         Debug.win32\MainMenuSence.obj
         Debug.win32\Player.obj
         Debug.win32\RunLevel1.obj
         Debug.win32\RunLevel2.obj
         Debug.win32\RunLevel3.obj
         DEMO.win32.vcxproj -> H:\DEMO\Debug.win32\DEMO.win32.exe
       FinalizeBuildStatus:
         正在删除文件“Debug.win32\DEMO.win32.unsuccessfulbuild”。
         正在对“Debug.win32\DEMO.win32.lastbuildstate”执行 Touch 任务。
     1>已完成生成项目“H:\DEMO\DEMO\proj.win32\DEMO.win32.vcxproj”(rebuild 个目标)的操作。

生成成功。

已用时间 00:00:23.81
