H:\DEMO\Debug.win32\DEMO.win32.pdb
H:\DEMO\DEMO\PROJ.WIN32\DEBUG.WIN32\APPDELEGATE.OBJ
H:\DEMO\DEMO\PROJ.WIN32\DEBUG.WIN32\BLOCK.OBJ
H:\DEMO\DEMO\PROJ.WIN32\DEBUG.WIN32\CCGAMESCROLLVIEW.OBJ
H:\DEMO\DEMO\PROJ.WIN32\DEBUG.WIN32\CHOOSELV.OBJ
H:\DEMO\DEMO\proj.win32\Debug.win32\cl.command.1.tlog
H:\DEMO\DEMO\proj.win32\Debug.win32\CL.read.1.tlog
H:\DEMO\DEMO\proj.win32\Debug.win32\CL.write.1.tlog
H:\DEMO\DEMO\PROJ.WIN32\DEBUG.WIN32\DEMO.RES
H:\DEMO\DEMO\PROJ.WIN32\DEBUG.WIN32\DEMO.WIN32.EXE.EMBED.MANIFEST
H:\DEMO\DEMO\PROJ.WIN32\DEBUG.WIN32\DEMO.WIN32.EXE.EMBED.MANIFEST.RES
H:\DEMO\DEMO\proj.win32\Debug.win32\DEMO.win32.exe.intermediate.manifest
H:\DEMO\DEMO\proj.win32\Debug.win32\DEMO.win32.vcxprojResolveAssemblyReference.cache
H:\DEMO\DEMO\proj.win32\Debug.win32\DEMO.win32.write.1.tlog
H:\DEMO\DEMO\proj.win32\Debug.win32\DEMO.win32_manifest.rc
H:\DEMO\DEMO\PROJ.WIN32\DEBUG.WIN32\GAMESPRITE.OBJ
H:\DEMO\DEMO\proj.win32\Debug.win32\link.11676.read.1.tlog
H:\DEMO\DEMO\proj.win32\Debug.win32\link.11676.write.1.tlog
H:\DEMO\DEMO\proj.win32\Debug.win32\link.179060.read.1.tlog
H:\DEMO\DEMO\proj.win32\Debug.win32\link.179060.write.1.tlog
H:\DEMO\DEMO\proj.win32\Debug.win32\link.179060-cvtres.read.1.tlog
H:\DEMO\DEMO\proj.win32\Debug.win32\link.179060-cvtres.write.1.tlog
H:\DEMO\DEMO\proj.win32\Debug.win32\link.224448.read.1.tlog
H:\DEMO\DEMO\proj.win32\Debug.win32\link.224448.write.1.tlog
H:\DEMO\DEMO\proj.win32\Debug.win32\link.224448-cvtres.read.1.tlog
H:\DEMO\DEMO\proj.win32\Debug.win32\link.224448-cvtres.write.1.tlog
H:\DEMO\DEMO\proj.win32\Debug.win32\link.278460.read.1.tlog
H:\DEMO\DEMO\proj.win32\Debug.win32\link.278460.write.1.tlog
H:\DEMO\DEMO\proj.win32\Debug.win32\link.278460-cvtres.read.1.tlog
H:\DEMO\DEMO\proj.win32\Debug.win32\link.278460-cvtres.write.1.tlog
H:\DEMO\DEMO\proj.win32\Debug.win32\link.command.1.tlog
H:\DEMO\DEMO\proj.win32\Debug.win32\link.read.1.tlog
H:\DEMO\DEMO\proj.win32\Debug.win32\link.write.1.tlog
H:\DEMO\DEMO\proj.win32\Debug.win32\link-cvtres.read.1.tlog
H:\DEMO\DEMO\proj.win32\Debug.win32\link-cvtres.write.1.tlog
H:\DEMO\DEMO\PROJ.WIN32\DEBUG.WIN32\MAIN.OBJ
H:\DEMO\DEMO\PROJ.WIN32\DEBUG.WIN32\MAINMENUSENCE.OBJ
H:\DEMO\DEMO\proj.win32\Debug.win32\mt.command.1.tlog
H:\DEMO\DEMO\proj.win32\Debug.win32\mt.read.1.tlog
H:\DEMO\DEMO\proj.win32\Debug.win32\mt.write.1.tlog
H:\DEMO\DEMO\PROJ.WIN32\DEBUG.WIN32\PLAYER.OBJ
H:\DEMO\DEMO\proj.win32\Debug.win32\rc.command.1.tlog
H:\DEMO\DEMO\proj.win32\Debug.win32\rc.read.1.tlog
H:\DEMO\DEMO\proj.win32\Debug.win32\rc.write.1.tlog
H:\DEMO\DEMO\PROJ.WIN32\DEBUG.WIN32\RUNLEVEL1.OBJ
H:\DEMO\DEMO\PROJ.WIN32\DEBUG.WIN32\RUNLEVEL2.OBJ
H:\DEMO\DEMO\PROJ.WIN32\DEBUG.WIN32\RUNLEVEL3.OBJ
H:\DEMO\DEMO\proj.win32\Debug.win32\vc100.idb
H:\DEMO\DEMO\PROJ.WIN32\DEBUG.WIN32\VC100.PDB
